{"/home/gabrieldemarco/node-favorite-products-rest-api/src/server.js": {"path":"/home/gabrieldemarco/node-favorite-products-rest-api/src/server.js","statementMap":{"0":{"start":{"line":1,"column":0},"end":{"line":1,"column":27}},"1":{"start":{"line":2,"column":15},"end":{"line":2,"column":38}},"2":{"start":{"line":3,"column":12},"end":{"line":3,"column":38}},"3":{"start":{"line":5,"column":0},"end":{"line":5,"column":24}},"4":{"start":{"line":7,"column":0},"end":{"line":7,"column":21}}},"fnMap":{},"branchMap":{},"s":{"0":3,"1":3,"2":3,"3":3,"4":3},"f":{},"b":{},"_coverageSchema":"1a1c01bbd47fc00a2c39e90264f33305004495a9","hash":"55468bdf6c48b782a96eb8db8794b07a57760922"}
,"/home/gabrieldemarco/node-favorite-products-rest-api/src/app/controllers/auth.controller.js": {"path":"/home/gabrieldemarco/node-favorite-products-rest-api/src/app/controllers/auth.controller.js","statementMap":{"0":{"start":{"line":1,"column":18},"end":{"line":1,"column":47}},"1":{"start":{"line":2,"column":19},"end":{"line":2,"column":59}},"2":{"start":{"line":4,"column":0},"end":{"line":31,"column":2}},"3":{"start":{"line":5,"column":2},"end":{"line":30,"column":3}},"4":{"start":{"line":6,"column":25},"end":{"line":6,"column":84}},"5":{"start":{"line":7,"column":4},"end":{"line":25,"column":5}},"6":{"start":{"line":8,"column":6},"end":{"line":10,"column":9}},"7":{"start":{"line":12,"column":20},"end":{"line":12,"column":52}},"8":{"start":{"line":13,"column":6},"end":{"line":24,"column":7}},"9":{"start":{"line":14,"column":8},"end":{"line":19,"column":11}},"10":{"start":{"line":21,"column":8},"end":{"line":23,"column":11}},"11":{"start":{"line":27,"column":4},"end":{"line":29,"column":7}}},"fnMap":{"0":{"name":"(anonymous_0)","decl":{"start":{"line":4,"column":15},"end":{"line":4,"column":16}},"loc":{"start":{"line":4,"column":35},"end":{"line":31,"column":1}},"line":4}},"branchMap":{"0":{"loc":{"start":{"line":7,"column":4},"end":{"line":25,"column":5}},"type":"if","locations":[{"start":{"line":7,"column":4},"end":{"line":25,"column":5}},{"start":{"line":7,"column":4},"end":{"line":25,"column":5}}],"line":7},"1":{"loc":{"start":{"line":13,"column":6},"end":{"line":24,"column":7}},"type":"if","locations":[{"start":{"line":13,"column":6},"end":{"line":24,"column":7}},{"start":{"line":13,"column":6},"end":{"line":24,"column":7}}],"line":13}},"s":{"0":3,"1":3,"2":3,"3":5,"4":5,"5":5,"6":2,"7":3,"8":2,"9":1,"10":1,"11":1},"f":{"0":5},"b":{"0":[2,3],"1":[1,1]},"_coverageSchema":"1a1c01bbd47fc00a2c39e90264f33305004495a9","hash":"b088f5006b594efddb6d13488f38b62a434356b9"}
,"/home/gabrieldemarco/node-favorite-products-rest-api/src/app/controllers/products.js": {"path":"/home/gabrieldemarco/node-favorite-products-rest-api/src/app/controllers/products.js","statementMap":{"0":{"start":{"line":1,"column":16},"end":{"line":1,"column":47}},"1":{"start":{"line":2,"column":18},"end":{"line":2,"column":47}},"2":{"start":{"line":3,"column":19},"end":{"line":3,"column":52}},"3":{"start":{"line":4,"column":28},"end":{"line":4,"column":66}},"4":{"start":{"line":6,"column":0},"end":{"line":21,"column":2}},"5":{"start":{"line":7,"column":2},"end":{"line":20,"column":3}},"6":{"start":{"line":8,"column":31},"end":{"line":8,"column":65}},"7":{"start":{"line":9,"column":4},"end":{"line":15,"column":7}},"8":{"start":{"line":17,"column":4},"end":{"line":19,"column":7}},"9":{"start":{"line":23,"column":0},"end":{"line":44,"column":2}},"10":{"start":{"line":24,"column":2},"end":{"line":43,"column":3}},"11":{"start":{"line":25,"column":20},"end":{"line":25,"column":60}},"12":{"start":{"line":26,"column":4},"end":{"line":38,"column":5}},"13":{"start":{"line":27,"column":6},"end":{"line":32,"column":9}},"14":{"start":{"line":34,"column":6},"end":{"line":37,"column":9}},"15":{"start":{"line":40,"column":4},"end":{"line":42,"column":7}},"16":{"start":{"line":46,"column":0},"end":{"line":79,"column":2}},"17":{"start":{"line":47,"column":2},"end":{"line":78,"column":3}},"18":{"start":{"line":48,"column":19},"end":{"line":48,"column":36}},"19":{"start":{"line":49,"column":24},"end":{"line":49,"column":68}},"20":{"start":{"line":50,"column":4},"end":{"line":73,"column":5}},"21":{"start":{"line":51,"column":6},"end":{"line":53,"column":9}},"22":{"start":{"line":55,"column":32},"end":{"line":55,"column":78}},"23":{"start":{"line":56,"column":27},"end":{"line":56,"column":75}},"24":{"start":{"line":57,"column":6},"end":{"line":72,"column":7}},"25":{"start":{"line":58,"column":8},"end":{"line":60,"column":11}},"26":{"start":{"line":64,"column":12},"end":{"line":64,"column":49}},"27":{"start":{"line":65,"column":24},"end":{"line":67,"column":10}},"28":{"start":{"line":68,"column":8},"end":{"line":71,"column":11}},"29":{"start":{"line":75,"column":4},"end":{"line":77,"column":7}}},"fnMap":{"0":{"name":"(anonymous_0)","decl":{"start":{"line":6,"column":14},"end":{"line":6,"column":15}},"loc":{"start":{"line":6,"column":34},"end":{"line":21,"column":1}},"line":6},"1":{"name":"(anonymous_1)","decl":{"start":{"line":23,"column":18},"end":{"line":23,"column":19}},"loc":{"start":{"line":23,"column":38},"end":{"line":44,"column":1}},"line":23},"2":{"name":"(anonymous_2)","decl":{"start":{"line":46,"column":15},"end":{"line":46,"column":16}},"loc":{"start":{"line":46,"column":35},"end":{"line":79,"column":1}},"line":46}},"branchMap":{"0":{"loc":{"start":{"line":26,"column":4},"end":{"line":38,"column":5}},"type":"if","locations":[{"start":{"line":26,"column":4},"end":{"line":38,"column":5}},{"start":{"line":26,"column":4},"end":{"line":38,"column":5}}],"line":26},"1":{"loc":{"start":{"line":50,"column":4},"end":{"line":73,"column":5}},"type":"if","locations":[{"start":{"line":50,"column":4},"end":{"line":73,"column":5}},{"start":{"line":50,"column":4},"end":{"line":73,"column":5}}],"line":50},"2":{"loc":{"start":{"line":57,"column":6},"end":{"line":72,"column":7}},"type":"if","locations":[{"start":{"line":57,"column":6},"end":{"line":72,"column":7}},{"start":{"line":57,"column":6},"end":{"line":72,"column":7}}],"line":57}},"s":{"0":3,"1":3,"2":3,"3":3,"4":3,"5":2,"6":2,"7":1,"8":1,"9":3,"10":3,"11":3,"12":2,"13":1,"14":1,"15":1,"16":3,"17":5,"18":5,"19":5,"20":5,"21":1,"22":4,"23":4,"24":4,"25":1,"26":3,"27":3,"28":2,"29":1},"f":{"0":2,"1":3,"2":5},"b":{"0":[1,1],"1":[1,4],"2":[1,3]},"_coverageSchema":"1a1c01bbd47fc00a2c39e90264f33305004495a9","hash":"bea37f93e1ebca5be109a7083b50120e0d8c4ed9"}
,"/home/gabrieldemarco/node-favorite-products-rest-api/src/app/controllers/user.js": {"path":"/home/gabrieldemarco/node-favorite-products-rest-api/src/app/controllers/user.js","statementMap":{"0":{"start":{"line":1,"column":18},"end":{"line":1,"column":47}},"1":{"start":{"line":2,"column":19},"end":{"line":2,"column":49}},"2":{"start":{"line":4,"column":0},"end":{"line":18,"column":2}},"3":{"start":{"line":5,"column":2},"end":{"line":17,"column":3}},"4":{"start":{"line":6,"column":18},"end":{"line":6,"column":41}},"5":{"start":{"line":7,"column":4},"end":{"line":12,"column":7}},"6":{"start":{"line":14,"column":4},"end":{"line":16,"column":7}},"7":{"start":{"line":20,"column":0},"end":{"line":34,"column":2}},"8":{"start":{"line":21,"column":2},"end":{"line":33,"column":3}},"9":{"start":{"line":22,"column":17},"end":{"line":22,"column":56}},"10":{"start":{"line":23,"column":4},"end":{"line":28,"column":7}},"11":{"start":{"line":30,"column":4},"end":{"line":32,"column":7}},"12":{"start":{"line":36,"column":0},"end":{"line":66,"column":2}},"13":{"start":{"line":37,"column":2},"end":{"line":65,"column":3}},"14":{"start":{"line":39,"column":4},"end":{"line":40,"column":65}},"15":{"start":{"line":41,"column":4},"end":{"line":60,"column":5}},"16":{"start":{"line":42,"column":6},"end":{"line":44,"column":9}},"17":{"start":{"line":46,"column":6},"end":{"line":46,"column":61}},"18":{"start":{"line":47,"column":6},"end":{"line":59,"column":7}},"19":{"start":{"line":48,"column":8},"end":{"line":50,"column":11}},"20":{"start":{"line":52,"column":21},"end":{"line":52,"column":54}},"21":{"start":{"line":53,"column":8},"end":{"line":58,"column":11}},"22":{"start":{"line":62,"column":4},"end":{"line":64,"column":7}},"23":{"start":{"line":68,"column":0},"end":{"line":89,"column":2}},"24":{"start":{"line":69,"column":2},"end":{"line":88,"column":3}},"25":{"start":{"line":70,"column":25},"end":{"line":70,"column":80}},"26":{"start":{"line":71,"column":4},"end":{"line":83,"column":5}},"27":{"start":{"line":72,"column":6},"end":{"line":74,"column":9}},"28":{"start":{"line":76,"column":19},"end":{"line":76,"column":67}},"29":{"start":{"line":77,"column":6},"end":{"line":82,"column":9}},"30":{"start":{"line":85,"column":4},"end":{"line":87,"column":7}},"31":{"start":{"line":91,"column":0},"end":{"line":102,"column":2}},"32":{"start":{"line":92,"column":2},"end":{"line":101,"column":3}},"33":{"start":{"line":93,"column":4},"end":{"line":93,"column":43}},"34":{"start":{"line":94,"column":4},"end":{"line":96,"column":7}},"35":{"start":{"line":98,"column":4},"end":{"line":100,"column":7}}},"fnMap":{"0":{"name":"(anonymous_0)","decl":{"start":{"line":4,"column":14},"end":{"line":4,"column":15}},"loc":{"start":{"line":4,"column":32},"end":{"line":18,"column":1}},"line":4},"1":{"name":"(anonymous_1)","decl":{"start":{"line":20,"column":18},"end":{"line":20,"column":19}},"loc":{"start":{"line":20,"column":38},"end":{"line":34,"column":1}},"line":20},"2":{"name":"(anonymous_2)","decl":{"start":{"line":36,"column":15},"end":{"line":36,"column":16}},"loc":{"start":{"line":36,"column":35},"end":{"line":66,"column":1}},"line":36},"3":{"name":"(anonymous_3)","decl":{"start":{"line":68,"column":14},"end":{"line":68,"column":15}},"loc":{"start":{"line":68,"column":34},"end":{"line":89,"column":1}},"line":68},"4":{"name":"(anonymous_4)","decl":{"start":{"line":91,"column":17},"end":{"line":91,"column":18}},"loc":{"start":{"line":91,"column":37},"end":{"line":102,"column":1}},"line":91}},"branchMap":{"0":{"loc":{"start":{"line":41,"column":4},"end":{"line":60,"column":5}},"type":"if","locations":[{"start":{"line":41,"column":4},"end":{"line":60,"column":5}},{"start":{"line":41,"column":4},"end":{"line":60,"column":5}}],"line":41},"1":{"loc":{"start":{"line":47,"column":6},"end":{"line":59,"column":7}},"type":"if","locations":[{"start":{"line":47,"column":6},"end":{"line":59,"column":7}},{"start":{"line":47,"column":6},"end":{"line":59,"column":7}}],"line":47},"2":{"loc":{"start":{"line":71,"column":4},"end":{"line":83,"column":5}},"type":"if","locations":[{"start":{"line":71,"column":4},"end":{"line":83,"column":5}},{"start":{"line":71,"column":4},"end":{"line":83,"column":5}}],"line":71}},"s":{"0":3,"1":3,"2":3,"3":2,"4":2,"5":1,"6":1,"7":3,"8":2,"9":2,"10":1,"11":1,"12":3,"13":6,"14":6,"15":6,"16":2,"17":4,"18":4,"19":1,"20":3,"21":1,"22":2,"23":3,"24":3,"25":3,"26":3,"27":1,"28":2,"29":1,"30":1,"31":3,"32":2,"33":2,"34":1,"35":1},"f":{"0":2,"1":2,"2":6,"3":3,"4":2},"b":{"0":[2,4],"1":[1,3],"2":[1,2]},"_coverageSchema":"1a1c01bbd47fc00a2c39e90264f33305004495a9","hash":"0a4e50b1a520fa521b6276c2f9078271329ca3aa"}
,"/home/gabrieldemarco/node-favorite-products-rest-api/src/app/middlewares/auth.js": {"path":"/home/gabrieldemarco/node-favorite-products-rest-api/src/app/middlewares/auth.js","statementMap":{"0":{"start":{"line":1,"column":12},"end":{"line":1,"column":35}},"1":{"start":{"line":2,"column":18},"end":{"line":2,"column":35}},"2":{"start":{"line":4,"column":20},"end":{"line":4,"column":38}},"3":{"start":{"line":6,"column":18},"end":{"line":22,"column":1}},"4":{"start":{"line":7,"column":16},"end":{"line":7,"column":84}},"5":{"start":{"line":9,"column":2},"end":{"line":21,"column":3}},"6":{"start":{"line":10,"column":4},"end":{"line":12,"column":7}},"7":{"start":{"line":14,"column":4},"end":{"line":20,"column":7}},"8":{"start":{"line":15,"column":6},"end":{"line":19,"column":20}},"9":{"start":{"line":16,"column":8},"end":{"line":18,"column":11}},"10":{"start":{"line":19,"column":13},"end":{"line":19,"column":20}},"11":{"start":{"line":24,"column":0},"end":{"line":24,"column":31}}},"fnMap":{"0":{"name":"(anonymous_0)","decl":{"start":{"line":6,"column":18},"end":{"line":6,"column":19}},"loc":{"start":{"line":6,"column":46},"end":{"line":22,"column":1}},"line":6},"1":{"name":"(anonymous_1)","decl":{"start":{"line":14,"column":35},"end":{"line":14,"column":36}},"loc":{"start":{"line":14,"column":44},"end":{"line":20,"column":5}},"line":14}},"branchMap":{"0":{"loc":{"start":{"line":7,"column":16},"end":{"line":7,"column":84}},"type":"cond-expr","locations":[{"start":{"line":7,"column":44},"end":{"line":7,"column":77}},{"start":{"line":7,"column":80},"end":{"line":7,"column":84}}],"line":7},"1":{"loc":{"start":{"line":9,"column":2},"end":{"line":21,"column":3}},"type":"if","locations":[{"start":{"line":9,"column":2},"end":{"line":21,"column":3}},{"start":{"line":9,"column":2},"end":{"line":21,"column":3}}],"line":9},"2":{"loc":{"start":{"line":15,"column":6},"end":{"line":19,"column":20}},"type":"if","locations":[{"start":{"line":15,"column":6},"end":{"line":19,"column":20}},{"start":{"line":15,"column":6},"end":{"line":19,"column":20}}],"line":15}},"s":{"0":4,"1":4,"2":4,"3":4,"4":23,"5":23,"6":2,"7":21,"8":21,"9":1,"10":20,"11":4},"f":{"0":23,"1":21},"b":{"0":[21,2],"1":[2,21],"2":[1,20]},"_coverageSchema":"1a1c01bbd47fc00a2c39e90264f33305004495a9","hash":"2c035acbe6700e00530b89dbe0af3ce72eaa1581"}
,"/home/gabrieldemarco/node-favorite-products-rest-api/src/app/models/Product.js": {"path":"/home/gabrieldemarco/node-favorite-products-rest-api/src/app/models/Product.js","statementMap":{"0":{"start":{"line":1,"column":0},"end":{"line":27,"column":3}},"1":{"start":{"line":1,"column":43},"end":{"line":27,"column":2}}},"fnMap":{"0":{"name":"(anonymous_0)","decl":{"start":{"line":1,"column":17},"end":{"line":1,"column":18}},"loc":{"start":{"line":1,"column":43},"end":{"line":27,"column":2}},"line":1}},"branchMap":{},"s":{"0":10,"1":10},"f":{"0":10},"b":{},"_coverageSchema":"1a1c01bbd47fc00a2c39e90264f33305004495a9","hash":"ad84073c281342138c9f3c0946f1afe5801ad59c"}
,"/home/gabrieldemarco/node-favorite-products-rest-api/src/app/models/User.js": {"path":"/home/gabrieldemarco/node-favorite-products-rest-api/src/app/models/User.js","statementMap":{"0":{"start":{"line":1,"column":0},"end":{"line":38,"column":2}},"1":{"start":{"line":2,"column":15},"end":{"line":35,"column":4}},"2":{"start":{"line":37,"column":2},"end":{"line":37,"column":14}}},"fnMap":{"0":{"name":"(anonymous_0)","decl":{"start":{"line":1,"column":17},"end":{"line":1,"column":18}},"loc":{"start":{"line":1,"column":43},"end":{"line":38,"column":1}},"line":1}},"branchMap":{},"s":{"0":10,"1":10,"2":10},"f":{"0":10},"b":{},"_coverageSchema":"1a1c01bbd47fc00a2c39e90264f33305004495a9","hash":"33619c1b3946867e74325ac5ec36e68ed0004bf5"}
,"/home/gabrieldemarco/node-favorite-products-rest-api/src/app/models/index.js": {"path":"/home/gabrieldemarco/node-favorite-products-rest-api/src/app/models/index.js","statementMap":{"0":{"start":{"line":1,"column":33},"end":{"line":1,"column":53}},"1":{"start":{"line":2,"column":15},"end":{"line":2,"column":47}},"2":{"start":{"line":3,"column":24},"end":{"line":3,"column":41}},"3":{"start":{"line":4,"column":27},"end":{"line":4,"column":47}},"4":{"start":{"line":6,"column":18},"end":{"line":6,"column":39}},"5":{"start":{"line":8,"column":16},"end":{"line":8,"column":56}},"6":{"start":{"line":9,"column":13},"end":{"line":9,"column":50}},"7":{"start":{"line":11,"column":0},"end":{"line":17,"column":3}},"8":{"start":{"line":18,"column":0},"end":{"line":18,"column":24}},"9":{"start":{"line":20,"column":0},"end":{"line":25,"column":2}}},"fnMap":{},"branchMap":{},"s":{"0":10,"1":10,"2":10,"3":10,"4":10,"5":10,"6":10,"7":10,"8":10,"9":10},"f":{},"b":{},"_coverageSchema":"1a1c01bbd47fc00a2c39e90264f33305004495a9","hash":"a5a3bd3fe627950727f18189fa23974e89857fcc"}
,"/home/gabrieldemarco/node-favorite-products-rest-api/src/app/policies/favoriteProduct.js": {"path":"/home/gabrieldemarco/node-favorite-products-rest-api/src/app/policies/favoriteProduct.js","statementMap":{"0":{"start":{"line":1,"column":27},"end":{"line":1,"column":44}},"1":{"start":{"line":3,"column":0},"end":{"line":11,"column":2}},"2":{"start":{"line":4,"column":2},"end":{"line":4,"column":50}},"3":{"start":{"line":4,"column":18},"end":{"line":4,"column":50}},"4":{"start":{"line":5,"column":2},"end":{"line":5,"column":45}},"5":{"start":{"line":5,"column":33},"end":{"line":5,"column":45}},"6":{"start":{"line":7,"column":2},"end":{"line":9,"column":3}},"7":{"start":{"line":7,"column":47},"end":{"line":7,"column":74}},"8":{"start":{"line":8,"column":4},"end":{"line":8,"column":42}},"9":{"start":{"line":10,"column":2},"end":{"line":10,"column":14}}},"fnMap":{"0":{"name":"(anonymous_0)","decl":{"start":{"line":3,"column":26},"end":{"line":3,"column":27}},"loc":{"start":{"line":3,"column":58},"end":{"line":11,"column":1}},"line":3},"1":{"name":"(anonymous_1)","decl":{"start":{"line":7,"column":28},"end":{"line":7,"column":29}},"loc":{"start":{"line":7,"column":47},"end":{"line":7,"column":74}},"line":7}},"branchMap":{"0":{"loc":{"start":{"line":3,"column":32},"end":{"line":3,"column":53}},"type":"default-arg","locations":[{"start":{"line":3,"column":51},"end":{"line":3,"column":53}}],"line":3},"1":{"loc":{"start":{"line":4,"column":2},"end":{"line":4,"column":50}},"type":"if","locations":[{"start":{"line":4,"column":2},"end":{"line":4,"column":50}},{"start":{"line":4,"column":2},"end":{"line":4,"column":50}}],"line":4},"2":{"loc":{"start":{"line":5,"column":2},"end":{"line":5,"column":45}},"type":"if","locations":[{"start":{"line":5,"column":2},"end":{"line":5,"column":45}},{"start":{"line":5,"column":2},"end":{"line":5,"column":45}}],"line":5},"3":{"loc":{"start":{"line":7,"column":2},"end":{"line":9,"column":3}},"type":"if","locations":[{"start":{"line":7,"column":2},"end":{"line":9,"column":3}},{"start":{"line":7,"column":2},"end":{"line":9,"column":3}}],"line":7}},"s":{"0":4,"1":4,"2":9,"3":1,"4":8,"5":2,"6":6,"7":7,"8":3,"9":3},"f":{"0":9,"1":7},"b":{"0":[2],"1":[1,8],"2":[2,6],"3":[3,3]},"_coverageSchema":"1a1c01bbd47fc00a2c39e90264f33305004495a9","hash":"42771c2924c31d3587d021aedb4438a406b9bfce"}
,"/home/gabrieldemarco/node-favorite-products-rest-api/src/app/repository/auth.repository.js": {"path":"/home/gabrieldemarco/node-favorite-products-rest-api/src/app/repository/auth.repository.js","statementMap":{"0":{"start":{"line":1,"column":15},"end":{"line":1,"column":32}},"1":{"start":{"line":2,"column":12},"end":{"line":2,"column":35}},"2":{"start":{"line":3,"column":18},"end":{"line":3,"column":35}},"3":{"start":{"line":4,"column":17},"end":{"line":4,"column":37}},"4":{"start":{"line":6,"column":20},"end":{"line":6,"column":38}},"5":{"start":{"line":7,"column":24},"end":{"line":7,"column":29}},"6":{"start":{"line":9,"column":0},"end":{"line":21,"column":2}},"7":{"start":{"line":10,"column":2},"end":{"line":10,"column":51}},"8":{"start":{"line":10,"column":39},"end":{"line":10,"column":51}},"9":{"start":{"line":11,"column":15},"end":{"line":13,"column":4}},"10":{"start":{"line":14,"column":2},"end":{"line":14,"column":25}},"11":{"start":{"line":14,"column":13},"end":{"line":14,"column":25}},"12":{"start":{"line":15,"column":2},"end":{"line":19,"column":3}},"13":{"start":{"line":16,"column":4},"end":{"line":18,"column":7}},"14":{"start":{"line":20,"column":2},"end":{"line":20,"column":14}}},"fnMap":{"0":{"name":"(anonymous_0)","decl":{"start":{"line":9,"column":16},"end":{"line":9,"column":17}},"loc":{"start":{"line":9,"column":47},"end":{"line":21,"column":1}},"line":9}},"branchMap":{"0":{"loc":{"start":{"line":10,"column":2},"end":{"line":10,"column":51}},"type":"if","locations":[{"start":{"line":10,"column":2},"end":{"line":10,"column":51}},{"start":{"line":10,"column":2},"end":{"line":10,"column":51}}],"line":10},"1":{"loc":{"start":{"line":10,"column":6},"end":{"line":10,"column":37}},"type":"binary-expr","locations":[{"start":{"line":10,"column":6},"end":{"line":10,"column":18}},{"start":{"line":10,"column":22},"end":{"line":10,"column":37}}],"line":10},"2":{"loc":{"start":{"line":14,"column":2},"end":{"line":14,"column":25}},"type":"if","locations":[{"start":{"line":14,"column":2},"end":{"line":14,"column":25}},{"start":{"line":14,"column":2},"end":{"line":14,"column":25}}],"line":14},"3":{"loc":{"start":{"line":15,"column":2},"end":{"line":19,"column":3}},"type":"if","locations":[{"start":{"line":15,"column":2},"end":{"line":19,"column":3}},{"start":{"line":15,"column":2},"end":{"line":19,"column":3}}],"line":15}},"s":{"0":4,"1":4,"2":4,"3":4,"4":4,"5":4,"6":4,"7":7,"8":2,"9":5,"10":5,"11":2,"12":3,"13":2,"14":1},"f":{"0":7},"b":{"0":[2,5],"1":[7,6],"2":[2,3],"3":[2,1]},"_coverageSchema":"1a1c01bbd47fc00a2c39e90264f33305004495a9","hash":"1a438e674529ad518862eaf15bf3a1e7ff8c0ac0"}
,"/home/gabrieldemarco/node-favorite-products-rest-api/src/app/repository/products.js": {"path":"/home/gabrieldemarco/node-favorite-products-rest-api/src/app/repository/products.js","statementMap":{"0":{"start":{"line":1,"column":20},"end":{"line":1,"column":40}},"1":{"start":{"line":3,"column":0},"end":{"line":16,"column":2}},"2":{"start":{"line":11,"column":18},"end":{"line":13,"column":4}},"3":{"start":{"line":14,"column":2},"end":{"line":14,"column":23}},"4":{"start":{"line":15,"column":2},"end":{"line":15,"column":17}},"5":{"start":{"line":18,"column":0},"end":{"line":21,"column":2}},"6":{"start":{"line":19,"column":18},"end":{"line":19,"column":62}},"7":{"start":{"line":20,"column":2},"end":{"line":20,"column":17}},"8":{"start":{"line":23,"column":0},"end":{"line":26,"column":2}},"9":{"start":{"line":24,"column":18},"end":{"line":24,"column":58}},"10":{"start":{"line":25,"column":2},"end":{"line":25,"column":17}}},"fnMap":{"0":{"name":"(anonymous_0)","decl":{"start":{"line":3,"column":17},"end":{"line":3,"column":18}},"loc":{"start":{"line":10,"column":6},"end":{"line":16,"column":1}},"line":10},"1":{"name":"(anonymous_1)","decl":{"start":{"line":18,"column":23},"end":{"line":18,"column":24}},"loc":{"start":{"line":18,"column":39},"end":{"line":21,"column":1}},"line":18},"2":{"name":"(anonymous_2)","decl":{"start":{"line":23,"column":19},"end":{"line":23,"column":20}},"loc":{"start":{"line":23,"column":31},"end":{"line":26,"column":1}},"line":23}},"branchMap":{},"s":{"0":4,"1":4,"2":3,"3":3,"4":3,"5":4,"6":5,"7":5,"8":4,"9":3,"10":2},"f":{"0":3,"1":5,"2":3},"b":{},"_coverageSchema":"1a1c01bbd47fc00a2c39e90264f33305004495a9","hash":"efc293ea4fcf1438b31c9a6b61fa017dcf4fcdc4"}
,"/home/gabrieldemarco/node-favorite-products-rest-api/src/app/repository/users.js": {"path":"/home/gabrieldemarco/node-favorite-products-rest-api/src/app/repository/users.js","statementMap":{"0":{"start":{"line":1,"column":15},"end":{"line":1,"column":32}},"1":{"start":{"line":2,"column":20},"end":{"line":2,"column":40}},"2":{"start":{"line":3,"column":17},"end":{"line":3,"column":37}},"3":{"start":{"line":5,"column":0},"end":{"line":10,"column":2}},"4":{"start":{"line":6,"column":23},"end":{"line":6,"column":70}},"5":{"start":{"line":7,"column":15},"end":{"line":7,"column":66}},"6":{"start":{"line":8,"column":2},"end":{"line":8,"column":20}},"7":{"start":{"line":9,"column":2},"end":{"line":9,"column":14}},"8":{"start":{"line":12,"column":0},"end":{"line":15,"column":2}},"9":{"start":{"line":13,"column":16},"end":{"line":13,"column":56}},"10":{"start":{"line":14,"column":2},"end":{"line":14,"column":15}},"11":{"start":{"line":17,"column":0},"end":{"line":20,"column":2}},"12":{"start":{"line":18,"column":15},"end":{"line":18,"column":70}},"13":{"start":{"line":19,"column":2},"end":{"line":19,"column":14}},"14":{"start":{"line":22,"column":0},"end":{"line":26,"column":2}},"15":{"start":{"line":23,"column":2},"end":{"line":23,"column":56}},"16":{"start":{"line":24,"column":15},"end":{"line":24,"column":52}},"17":{"start":{"line":25,"column":2},"end":{"line":25,"column":14}},"18":{"start":{"line":28,"column":0},"end":{"line":30,"column":2}},"19":{"start":{"line":29,"column":2},"end":{"line":29,"column":40}}},"fnMap":{"0":{"name":"(anonymous_0)","decl":{"start":{"line":5,"column":17},"end":{"line":5,"column":18}},"loc":{"start":{"line":5,"column":54},"end":{"line":10,"column":1}},"line":5},"1":{"name":"(anonymous_1)","decl":{"start":{"line":12,"column":15},"end":{"line":12,"column":16}},"loc":{"start":{"line":12,"column":27},"end":{"line":15,"column":1}},"line":12},"2":{"name":"(anonymous_2)","decl":{"start":{"line":17,"column":18},"end":{"line":17,"column":19}},"loc":{"start":{"line":17,"column":30},"end":{"line":20,"column":1}},"line":17},"3":{"name":"(anonymous_3)","decl":{"start":{"line":22,"column":17},"end":{"line":22,"column":18}},"loc":{"start":{"line":22,"column":48},"end":{"line":26,"column":1}},"line":22},"4":{"name":"(anonymous_4)","decl":{"start":{"line":28,"column":17},"end":{"line":28,"column":18}},"loc":{"start":{"line":28,"column":29},"end":{"line":30,"column":1}},"line":28}},"branchMap":{},"s":{"0":4,"1":4,"2":4,"3":4,"4":4,"5":4,"6":4,"7":2,"8":4,"9":2,"10":2,"11":4,"12":4,"13":4,"14":4,"15":2,"16":2,"17":2,"18":4,"19":2},"f":{"0":4,"1":2,"2":4,"3":2,"4":2},"b":{},"_coverageSchema":"1a1c01bbd47fc00a2c39e90264f33305004495a9","hash":"1b40ae7cdbb5381f976042fb33b200772b5a40f0"}
,"/home/gabrieldemarco/node-favorite-products-rest-api/src/app/routes/auth.routes.js": {"path":"/home/gabrieldemarco/node-favorite-products-rest-api/src/app/routes/auth.routes.js","statementMap":{"0":{"start":{"line":1,"column":19},"end":{"line":1,"column":37}},"1":{"start":{"line":2,"column":19},"end":{"line":2,"column":60}},"2":{"start":{"line":4,"column":15},"end":{"line":4,"column":23}},"3":{"start":{"line":6,"column":0},"end":{"line":6,"column":39}},"4":{"start":{"line":8,"column":0},"end":{"line":8,"column":24}}},"fnMap":{},"branchMap":{},"s":{"0":3,"1":3,"2":3,"3":3,"4":3},"f":{},"b":{},"_coverageSchema":"1a1c01bbd47fc00a2c39e90264f33305004495a9","hash":"b9fc340cd693c0d4e8461a78e3acebc7dd6c5cb3"}
,"/home/gabrieldemarco/node-favorite-products-rest-api/src/app/routes/index.js": {"path":"/home/gabrieldemarco/node-favorite-products-rest-api/src/app/routes/index.js","statementMap":{"0":{"start":{"line":1,"column":19},"end":{"line":1,"column":37}},"1":{"start":{"line":2,"column":20},"end":{"line":2,"column":37}},"2":{"start":{"line":3,"column":23},"end":{"line":3,"column":44}},"3":{"start":{"line":4,"column":19},"end":{"line":4,"column":43}},"4":{"start":{"line":6,"column":15},"end":{"line":6,"column":23}},"5":{"start":{"line":8,"column":0},"end":{"line":8,"column":34}},"6":{"start":{"line":9,"column":0},"end":{"line":9,"column":40}},"7":{"start":{"line":10,"column":0},"end":{"line":10,"column":32}},"8":{"start":{"line":12,"column":0},"end":{"line":12,"column":24}}},"fnMap":{},"branchMap":{},"s":{"0":3,"1":3,"2":3,"3":3,"4":3,"5":3,"6":3,"7":3,"8":3},"f":{},"b":{},"_coverageSchema":"1a1c01bbd47fc00a2c39e90264f33305004495a9","hash":"61233095d6a6b06f6cf0f4496765237a221b495e"}
,"/home/gabrieldemarco/node-favorite-products-rest-api/src/app/routes/products.js": {"path":"/home/gabrieldemarco/node-favorite-products-rest-api/src/app/routes/products.js","statementMap":{"0":{"start":{"line":1,"column":19},"end":{"line":1,"column":37}},"1":{"start":{"line":2,"column":19},"end":{"line":2,"column":53}},"2":{"start":{"line":3,"column":23},"end":{"line":3,"column":53}},"3":{"start":{"line":5,"column":15},"end":{"line":5,"column":23}},"4":{"start":{"line":7,"column":0},"end":{"line":7,"column":58}},"5":{"start":{"line":8,"column":0},"end":{"line":8,"column":65}},"6":{"start":{"line":9,"column":0},"end":{"line":9,"column":60}},"7":{"start":{"line":11,"column":0},"end":{"line":11,"column":24}}},"fnMap":{},"branchMap":{},"s":{"0":3,"1":3,"2":3,"3":3,"4":3,"5":3,"6":3,"7":3},"f":{},"b":{},"_coverageSchema":"1a1c01bbd47fc00a2c39e90264f33305004495a9","hash":"2501e325e39d32f74cb8fb8a030b3ea12d333581"}
,"/home/gabrieldemarco/node-favorite-products-rest-api/src/app/routes/user.js": {"path":"/home/gabrieldemarco/node-favorite-products-rest-api/src/app/routes/user.js","statementMap":{"0":{"start":{"line":1,"column":19},"end":{"line":1,"column":37}},"1":{"start":{"line":2,"column":19},"end":{"line":2,"column":49}},"2":{"start":{"line":3,"column":23},"end":{"line":3,"column":53}},"3":{"start":{"line":5,"column":15},"end":{"line":5,"column":23}},"4":{"start":{"line":7,"column":0},"end":{"line":7,"column":58}},"5":{"start":{"line":8,"column":0},"end":{"line":8,"column":65}},"6":{"start":{"line":9,"column":0},"end":{"line":9,"column":34}},"7":{"start":{"line":10,"column":0},"end":{"line":10,"column":61}},"8":{"start":{"line":11,"column":0},"end":{"line":11,"column":67}},"9":{"start":{"line":13,"column":0},"end":{"line":13,"column":24}}},"fnMap":{},"branchMap":{},"s":{"0":3,"1":3,"2":3,"3":3,"4":3,"5":3,"6":3,"7":3,"8":3,"9":3},"f":{},"b":{},"_coverageSchema":"1a1c01bbd47fc00a2c39e90264f33305004495a9","hash":"1f0c8af428f791b2a76c560263490516bdc26b05"}
,"/home/gabrieldemarco/node-favorite-products-rest-api/src/app/services/products.js": {"path":"/home/gabrieldemarco/node-favorite-products-rest-api/src/app/services/products.js","statementMap":{"0":{"start":{"line":1,"column":12},"end":{"line":1,"column":39}},"1":{"start":{"line":3,"column":0},"end":{"line":14,"column":2}},"2":{"start":{"line":9,"column":6},"end":{"line":9,"column":54}},"3":{"start":{"line":10,"column":2},"end":{"line":13,"column":4}},"4":{"start":{"line":16,"column":0},"end":{"line":19,"column":2}},"5":{"start":{"line":17,"column":19},"end":{"line":17,"column":52}},"6":{"start":{"line":18,"column":2},"end":{"line":18,"column":14}}},"fnMap":{"0":{"name":"(anonymous_0)","decl":{"start":{"line":3,"column":15},"end":{"line":3,"column":16}},"loc":{"start":{"line":3,"column":35},"end":{"line":14,"column":1}},"line":3},"1":{"name":"(anonymous_1)","decl":{"start":{"line":16,"column":20},"end":{"line":16,"column":21}},"loc":{"start":{"line":16,"column":33},"end":{"line":19,"column":1}},"line":16}},"branchMap":{"0":{"loc":{"start":{"line":3,"column":22},"end":{"line":3,"column":30}},"type":"default-arg","locations":[{"start":{"line":3,"column":29},"end":{"line":3,"column":30}}],"line":3}},"s":{"0":3,"1":3,"2":3,"3":3,"4":3,"5":1,"6":1},"f":{"0":3,"1":1},"b":{"0":[2]},"_coverageSchema":"1a1c01bbd47fc00a2c39e90264f33305004495a9","hash":"d3000d55844912fb0b8a67f118b79fcf107f908d"}
,"/home/gabrieldemarco/node-favorite-products-rest-api/src/app/utils/validator.js": {"path":"/home/gabrieldemarco/node-favorite-products-rest-api/src/app/utils/validator.js","statementMap":{"0":{"start":{"line":1,"column":27},"end":{"line":1,"column":44}},"1":{"start":{"line":3,"column":25},"end":{"line":16,"column":1}},"2":{"start":{"line":4,"column":2},"end":{"line":4,"column":43}},"3":{"start":{"line":4,"column":31},"end":{"line":4,"column":43}},"4":{"start":{"line":5,"column":24},"end":{"line":5,"column":26}},"5":{"start":{"line":7,"column":2},"end":{"line":7,"column":60}},"6":{"start":{"line":7,"column":21},"end":{"line":7,"column":60}},"7":{"start":{"line":9,"column":2},"end":{"line":13,"column":5}},"8":{"start":{"line":10,"column":4},"end":{"line":12,"column":5}},"9":{"start":{"line":11,"column":6},"end":{"line":11,"column":32}},"10":{"start":{"line":14,"column":2},"end":{"line":14,"column":42}},"11":{"start":{"line":14,"column":30},"end":{"line":14,"column":42}},"12":{"start":{"line":15,"column":2},"end":{"line":15,"column":64}},"13":{"start":{"line":18,"column":22},"end":{"line":24,"column":1}},"14":{"start":{"line":19,"column":2},"end":{"line":19,"column":50}},"15":{"start":{"line":19,"column":20},"end":{"line":19,"column":50}},"16":{"start":{"line":21,"column":16},"end":{"line":21,"column":50}},"17":{"start":{"line":22,"column":2},"end":{"line":22,"column":37}},"18":{"start":{"line":22,"column":25},"end":{"line":22,"column":37}},"19":{"start":{"line":23,"column":2},"end":{"line":23,"column":35}},"20":{"start":{"line":26,"column":21},"end":{"line":31,"column":1}},"21":{"start":{"line":27,"column":2},"end":{"line":27,"column":48}},"22":{"start":{"line":27,"column":19},"end":{"line":27,"column":48}},"23":{"start":{"line":29,"column":2},"end":{"line":29,"column":47}},"24":{"start":{"line":29,"column":35},"end":{"line":29,"column":47}},"25":{"start":{"line":30,"column":2},"end":{"line":30,"column":46}},"26":{"start":{"line":33,"column":0},"end":{"line":33,"column":67}}},"fnMap":{"0":{"name":"(anonymous_0)","decl":{"start":{"line":3,"column":25},"end":{"line":3,"column":26}},"loc":{"start":{"line":3,"column":56},"end":{"line":16,"column":1}},"line":3},"1":{"name":"(anonymous_1)","decl":{"start":{"line":9,"column":25},"end":{"line":9,"column":26}},"loc":{"start":{"line":9,"column":34},"end":{"line":13,"column":3}},"line":9},"2":{"name":"(anonymous_2)","decl":{"start":{"line":18,"column":22},"end":{"line":18,"column":23}},"loc":{"start":{"line":18,"column":31},"end":{"line":24,"column":1}},"line":18},"3":{"name":"(anonymous_3)","decl":{"start":{"line":26,"column":21},"end":{"line":26,"column":22}},"loc":{"start":{"line":26,"column":29},"end":{"line":31,"column":1}},"line":26}},"branchMap":{"0":{"loc":{"start":{"line":3,"column":32},"end":{"line":3,"column":51}},"type":"default-arg","locations":[{"start":{"line":3,"column":49},"end":{"line":3,"column":51}}],"line":3},"1":{"loc":{"start":{"line":4,"column":2},"end":{"line":4,"column":43}},"type":"if","locations":[{"start":{"line":4,"column":2},"end":{"line":4,"column":43}},{"start":{"line":4,"column":2},"end":{"line":4,"column":43}}],"line":4},"2":{"loc":{"start":{"line":7,"column":2},"end":{"line":7,"column":60}},"type":"if","locations":[{"start":{"line":7,"column":2},"end":{"line":7,"column":60}},{"start":{"line":7,"column":2},"end":{"line":7,"column":60}}],"line":7},"3":{"loc":{"start":{"line":10,"column":4},"end":{"line":12,"column":5}},"type":"if","locations":[{"start":{"line":10,"column":4},"end":{"line":12,"column":5}},{"start":{"line":10,"column":4},"end":{"line":12,"column":5}}],"line":10},"4":{"loc":{"start":{"line":14,"column":2},"end":{"line":14,"column":42}},"type":"if","locations":[{"start":{"line":14,"column":2},"end":{"line":14,"column":42}},{"start":{"line":14,"column":2},"end":{"line":14,"column":42}}],"line":14},"5":{"loc":{"start":{"line":19,"column":2},"end":{"line":19,"column":50}},"type":"if","locations":[{"start":{"line":19,"column":2},"end":{"line":19,"column":50}},{"start":{"line":19,"column":2},"end":{"line":19,"column":50}}],"line":19},"6":{"loc":{"start":{"line":22,"column":2},"end":{"line":22,"column":37}},"type":"if","locations":[{"start":{"line":22,"column":2},"end":{"line":22,"column":37}},{"start":{"line":22,"column":2},"end":{"line":22,"column":37}}],"line":22},"7":{"loc":{"start":{"line":27,"column":2},"end":{"line":27,"column":48}},"type":"if","locations":[{"start":{"line":27,"column":2},"end":{"line":27,"column":48}},{"start":{"line":27,"column":2},"end":{"line":27,"column":48}}],"line":27},"8":{"loc":{"start":{"line":29,"column":2},"end":{"line":29,"column":47}},"type":"if","locations":[{"start":{"line":29,"column":2},"end":{"line":29,"column":47}},{"start":{"line":29,"column":2},"end":{"line":29,"column":47}}],"line":29}},"s":{"0":4,"1":4,"2":26,"3":1,"4":25,"5":25,"6":4,"7":21,"8":45,"9":7,"10":21,"11":15,"12":6,"13":4,"14":10,"15":1,"16":9,"17":9,"18":4,"19":5,"20":4,"21":5,"22":1,"23":4,"24":3,"25":1,"26":4},"f":{"0":26,"1":45,"2":10,"3":5},"b":{"0":[1],"1":[1,25],"2":[4,21],"3":[7,38],"4":[15,6],"5":[1,9],"6":[4,5],"7":[1,4],"8":[3,1]},"_coverageSchema":"1a1c01bbd47fc00a2c39e90264f33305004495a9","hash":"c9402e8c7b211ba40ffdbeefd4ee9f58064b4c21"}
,"/home/gabrieldemarco/node-favorite-products-rest-api/src/config/api.js": {"path":"/home/gabrieldemarco/node-favorite-products-rest-api/src/config/api.js","statementMap":{"0":{"start":{"line":1,"column":27},"end":{"line":1,"column":43}},"1":{"start":{"line":2,"column":25},"end":{"line":2,"column":41}},"2":{"start":{"line":4,"column":16},"end":{"line":4,"column":42}},"3":{"start":{"line":5,"column":12},"end":{"line":5,"column":37}},"4":{"start":{"line":7,"column":0},"end":{"line":7,"column":92}},"5":{"start":{"line":7,"column":53},"end":{"line":7,"column":89}},"6":{"start":{"line":9,"column":0},"end":{"line":9,"column":21}}},"fnMap":{"0":{"name":"(anonymous_0)","decl":{"start":{"line":7,"column":30},"end":{"line":7,"column":31}},"loc":{"start":{"line":7,"column":53},"end":{"line":7,"column":89}},"line":7}},"branchMap":{},"s":{"0":3,"1":3,"2":3,"3":3,"4":3,"5":4,"6":3},"f":{"0":4},"b":{},"_coverageSchema":"1a1c01bbd47fc00a2c39e90264f33305004495a9","hash":"ea7f36a33db6a0702cbca42ccabac0890906c12e"}
,"/home/gabrieldemarco/node-favorite-products-rest-api/src/config/database.js": {"path":"/home/gabrieldemarco/node-favorite-products-rest-api/src/config/database.js","statementMap":{"0":{"start":{"line":1,"column":0},"end":{"line":1,"column":27}},"1":{"start":{"line":8,"column":4},"end":{"line":8,"column":15}},"2":{"start":{"line":10,"column":0},"end":{"line":17,"column":2}}},"fnMap":{},"branchMap":{},"s":{"0":10,"1":10,"2":10},"f":{},"b":{},"_coverageSchema":"1a1c01bbd47fc00a2c39e90264f33305004495a9","hash":"4fe33aff7fea6ca3eae9ba5b3caceaeee5073670"}
,"/home/gabrieldemarco/node-favorite-products-rest-api/src/config/server.js": {"path":"/home/gabrieldemarco/node-favorite-products-rest-api/src/config/server.js","statementMap":{"0":{"start":{"line":1,"column":0},"end":{"line":1,"column":27}},"1":{"start":{"line":2,"column":16},"end":{"line":2,"column":34}},"2":{"start":{"line":3,"column":13},"end":{"line":3,"column":28}},"3":{"start":{"line":5,"column":12},"end":{"line":5,"column":21}},"4":{"start":{"line":7,"column":0},"end":{"line":7,"column":24}},"5":{"start":{"line":8,"column":0},"end":{"line":8,"column":16}},"6":{"start":{"line":10,"column":0},"end":{"line":10,"column":21}}},"fnMap":{},"branchMap":{},"s":{"0":3,"1":3,"2":3,"3":3,"4":3,"5":3,"6":3},"f":{},"b":{},"_coverageSchema":"1a1c01bbd47fc00a2c39e90264f33305004495a9","hash":"6e670c26ce371b0fdad9c05e5b82aee9f5c88006"}
,"/home/gabrieldemarco/node-favorite-products-rest-api/src/database/index.js": {"path":"/home/gabrieldemarco/node-favorite-products-rest-api/src/database/index.js","statementMap":{"0":{"start":{"line":1,"column":0},"end":{"line":1,"column":27}},"1":{"start":{"line":2,"column":22},"end":{"line":2,"column":46}},"2":{"start":{"line":4,"column":0},"end":{"line":4,"column":27}}},"fnMap":{},"branchMap":{},"s":{"0":10,"1":10,"2":10},"f":{},"b":{},"_coverageSchema":"1a1c01bbd47fc00a2c39e90264f33305004495a9","hash":"41b01ff9a3c10f80db769433206f5006f491ddef"}
}
