TN:
SF:src/server.js
FNF:0
FNH:0
DA:1,3
DA:2,3
DA:3,3
DA:5,3
DA:7,3
LF:5
LH:5
BRF:0
BRH:0
end_of_record
TN:
SF:src/app/controllers/auth.controller.js
FN:4,(anonymous_0)
FNF:1
FNH:1
FNDA:5,(anonymous_0)
DA:1,3
DA:2,3
DA:4,3
DA:5,5
DA:6,5
DA:7,5
DA:8,2
DA:12,3
DA:13,2
DA:14,1
DA:21,1
DA:27,1
LF:12
LH:12
BRDA:7,0,0,2
BRDA:7,0,1,3
BRDA:13,1,0,1
BRDA:13,1,1,1
BRF:4
BRH:4
end_of_record
TN:
SF:src/app/controllers/products.js
FN:6,(anonymous_0)
FN:23,(anonymous_1)
FN:51,(anonymous_2)
FN:79,(anonymous_3)
FNF:4
FNH:2
FNDA:2,(anonymous_0)
FNDA:0,(anonymous_1)
FNDA:0,(anonymous_2)
FNDA:5,(anonymous_3)
DA:1,3
DA:2,3
DA:3,3
DA:4,3
DA:6,3
DA:7,2
DA:8,2
DA:9,1
DA:17,1
DA:23,3
DA:24,0
DA:25,0
DA:26,0
DA:27,0
DA:31,0
DA:32,0
DA:38,0
DA:39,0
DA:40,0
DA:44,0
DA:51,3
DA:52,0
DA:53,0
DA:54,0
DA:55,0
DA:59,0
DA:60,0
DA:66,0
DA:67,0
DA:68,0
DA:72,0
DA:79,3
DA:80,5
DA:81,5
DA:82,5
DA:83,5
DA:84,1
DA:88,4
DA:89,4
DA:90,4
DA:91,1
DA:95,3
DA:96,2
DA:103,1
LF:44
LH:24
BRDA:26,0,0,0
BRDA:26,0,1,0
BRDA:38,1,0,0
BRDA:38,1,1,0
BRDA:40,2,0,0
BRDA:40,2,1,0
BRDA:41,3,0,0
BRDA:41,3,1,0
BRDA:54,4,0,0
BRDA:54,4,1,0
BRDA:66,5,0,0
BRDA:66,5,1,0
BRDA:68,6,0,0
BRDA:68,6,1,0
BRDA:69,7,0,0
BRDA:69,7,1,0
BRDA:83,8,0,1
BRDA:83,8,1,4
BRDA:90,9,0,1
BRDA:90,9,1,3
BRF:20
BRH:4
end_of_record
TN:
SF:src/app/controllers/user.js
FN:4,(anonymous_0)
FN:20,(anonymous_1)
FN:36,(anonymous_2)
FN:68,(anonymous_3)
FN:96,(anonymous_4)
FNF:5
FNH:5
FNDA:2,(anonymous_0)
FNDA:2,(anonymous_1)
FNDA:6,(anonymous_2)
FNDA:2,(anonymous_3)
FNDA:2,(anonymous_4)
DA:1,3
DA:2,3
DA:4,3
DA:5,2
DA:6,2
DA:7,1
DA:14,1
DA:20,3
DA:21,2
DA:22,2
DA:23,1
DA:30,1
DA:36,3
DA:37,6
DA:39,6
DA:41,6
DA:42,2
DA:46,4
DA:47,4
DA:48,1
DA:52,3
DA:53,1
DA:62,2
DA:68,3
DA:69,2
DA:70,2
DA:71,2
DA:72,2
DA:73,0
DA:76,2
DA:77,0
DA:81,2
DA:82,1
DA:90,1
DA:96,3
DA:97,2
DA:98,2
DA:99,2
DA:100,0
DA:104,2
DA:105,1
DA:110,1
LF:42
LH:39
BRDA:41,0,0,2
BRDA:41,0,1,4
BRDA:47,1,0,1
BRDA:47,1,1,3
BRDA:72,2,0,0
BRDA:72,2,1,2
BRDA:76,3,0,0
BRDA:76,3,1,2
BRDA:99,4,0,0
BRDA:99,4,1,2
BRF:10
BRH:7
end_of_record
TN:
SF:src/app/middlewares/auth.js
FN:6,(anonymous_0)
FN:14,(anonymous_1)
FNF:2
FNH:2
FNDA:19,(anonymous_0)
FNDA:17,(anonymous_1)
DA:1,4
DA:2,4
DA:4,4
DA:6,4
DA:7,19
DA:9,19
DA:10,2
DA:14,17
DA:15,17
DA:16,1
DA:19,16
DA:24,4
LF:12
LH:12
BRDA:7,0,0,17
BRDA:7,0,1,2
BRDA:9,1,0,2
BRDA:9,1,1,17
BRDA:15,2,0,1
BRDA:15,2,1,16
BRF:6
BRH:6
end_of_record
TN:
SF:src/app/models/Product.js
FN:1,(anonymous_0)
FNF:1
FNH:1
FNDA:10,(anonymous_0)
DA:1,10
LF:1
LH:1
BRF:0
BRH:0
end_of_record
TN:
SF:src/app/models/User.js
FN:1,(anonymous_0)
FNF:1
FNH:1
FNDA:10,(anonymous_0)
DA:1,10
DA:2,10
DA:37,10
LF:3
LH:3
BRF:0
BRH:0
end_of_record
TN:
SF:src/app/models/index.js
FNF:0
FNH:0
DA:1,10
DA:2,10
DA:3,10
DA:4,10
DA:6,10
DA:8,10
DA:9,10
DA:11,10
DA:18,10
DA:20,10
LF:10
LH:10
BRF:0
BRH:0
end_of_record
TN:
SF:src/app/policies/favoriteProduct.js
FN:3,(anonymous_0)
FN:7,(anonymous_1)
FNF:2
FNH:2
FNDA:9,(anonymous_0)
FNDA:7,(anonymous_1)
DA:1,4
DA:3,4
DA:4,9
DA:5,8
DA:7,7
DA:8,3
DA:10,3
LF:7
LH:7
BRDA:3,0,0,2
BRDA:4,1,0,1
BRDA:4,1,1,8
BRDA:5,2,0,2
BRDA:5,2,1,6
BRDA:7,3,0,3
BRDA:7,3,1,3
BRF:7
BRH:7
end_of_record
TN:
SF:src/app/repository/auth.repository.js
FN:9,(anonymous_0)
FNF:1
FNH:1
FNDA:7,(anonymous_0)
DA:1,4
DA:2,4
DA:3,4
DA:4,4
DA:6,4
DA:7,4
DA:9,4
DA:10,7
DA:11,5
DA:14,5
DA:15,3
DA:16,2
DA:20,1
LF:13
LH:13
BRDA:10,0,0,2
BRDA:10,0,1,5
BRDA:10,1,0,7
BRDA:10,1,1,6
BRDA:14,2,0,2
BRDA:14,2,1,3
BRDA:15,3,0,2
BRDA:15,3,1,1
BRF:8
BRH:8
end_of_record
TN:
SF:src/app/repository/products.js
FN:3,(anonymous_0)
FN:18,(anonymous_1)
FNF:2
FNH:2
FNDA:3,(anonymous_0)
FNDA:5,(anonymous_1)
DA:1,4
DA:3,4
DA:11,3
DA:14,3
DA:15,3
DA:18,4
DA:19,5
DA:20,5
LF:8
LH:8
BRF:0
BRH:0
end_of_record
TN:
SF:src/app/repository/users.js
FN:5,(anonymous_0)
FN:12,(anonymous_1)
FN:17,(anonymous_2)
FN:22,(anonymous_3)
FN:28,(anonymous_4)
FNF:5
FNH:5
FNDA:4,(anonymous_0)
FNDA:2,(anonymous_1)
FNDA:4,(anonymous_2)
FNDA:2,(anonymous_3)
FNDA:2,(anonymous_4)
DA:1,4
DA:2,4
DA:3,4
DA:5,4
DA:6,4
DA:7,4
DA:8,4
DA:9,2
DA:12,4
DA:13,2
DA:14,2
DA:17,4
DA:18,4
DA:19,4
DA:22,4
DA:23,2
DA:24,2
DA:25,2
DA:28,4
DA:29,2
LF:20
LH:20
BRF:0
BRH:0
end_of_record
TN:
SF:src/app/routes/auth.routes.js
FNF:0
FNH:0
DA:1,3
DA:2,3
DA:4,3
DA:6,3
DA:8,3
LF:5
LH:5
BRF:0
BRH:0
end_of_record
TN:
SF:src/app/routes/index.js
FNF:0
FNH:0
DA:1,3
DA:2,3
DA:3,3
DA:4,3
DA:6,3
DA:8,3
DA:9,3
DA:10,3
DA:12,3
LF:9
LH:9
BRF:0
BRH:0
end_of_record
TN:
SF:src/app/routes/products.js
FNF:0
FNH:0
DA:1,3
DA:2,3
DA:3,3
DA:5,3
DA:7,3
DA:8,3
DA:9,3
DA:11,3
LF:8
LH:8
BRF:0
BRH:0
end_of_record
TN:
SF:src/app/routes/user.js
FNF:0
FNH:0
DA:1,3
DA:2,3
DA:3,3
DA:5,3
DA:7,3
DA:8,3
DA:9,3
DA:10,3
DA:11,3
DA:13,3
LF:10
LH:10
BRF:0
BRH:0
end_of_record
TN:
SF:src/app/services/products.js
FN:3,(anonymous_0)
FN:16,(anonymous_1)
FNF:2
FNH:2
FNDA:4,(anonymous_0)
FNDA:1,(anonymous_1)
DA:1,4
DA:3,4
DA:9,4
DA:10,4
DA:16,4
DA:17,1
DA:18,1
LF:7
LH:7
BRDA:3,0,0,3
BRF:1
BRH:1
end_of_record
TN:
SF:src/app/utils/validator.js
FN:3,(anonymous_0)
FN:9,(anonymous_1)
FN:18,(anonymous_2)
FN:26,(anonymous_3)
FNF:4
FNH:4
FNDA:29,(anonymous_0)
FNDA:59,(anonymous_1)
FNDA:10,(anonymous_2)
FNDA:5,(anonymous_3)
DA:1,4
DA:3,4
DA:4,29
DA:5,28
DA:7,28
DA:9,24
DA:10,59
DA:11,6
DA:14,24
DA:15,5
DA:18,4
DA:19,10
DA:21,9
DA:22,9
DA:23,5
DA:26,4
DA:27,5
DA:29,4
DA:30,1
DA:33,4
LF:20
LH:20
BRDA:3,0,0,1
BRDA:4,1,0,1
BRDA:4,1,1,28
BRDA:7,2,0,4
BRDA:7,2,1,24
BRDA:10,3,0,6
BRDA:10,3,1,53
BRDA:14,4,0,19
BRDA:14,4,1,5
BRDA:19,5,0,1
BRDA:19,5,1,9
BRDA:22,6,0,4
BRDA:22,6,1,5
BRDA:27,7,0,1
BRDA:27,7,1,4
BRDA:29,8,0,3
BRDA:29,8,1,1
BRF:17
BRH:17
end_of_record
TN:
SF:src/config/api.js
FN:7,(anonymous_0)
FNF:1
FNH:1
FNDA:5,(anonymous_0)
DA:1,4
DA:2,4
DA:4,4
DA:5,4
DA:7,5
DA:9,4
LF:6
LH:6
BRF:0
BRH:0
end_of_record
TN:
SF:src/config/database.js
FNF:0
FNH:0
DA:1,10
DA:9,10
DA:11,10
LF:3
LH:3
BRDA:16,0,0,10
BRDA:16,0,1,0
BRF:2
BRH:1
end_of_record
TN:
SF:src/config/server.js
FNF:0
FNH:0
DA:1,3
DA:2,3
DA:3,3
DA:5,3
DA:7,3
DA:8,3
DA:10,3
LF:7
LH:7
BRF:0
BRH:0
end_of_record
TN:
SF:src/database/index.js
FNF:0
FNH:0
DA:1,10
DA:2,10
DA:4,10
LF:3
LH:3
BRF:0
BRH:0
end_of_record
